.text:20005000 ;
.text:20005000 ; +-------------------------------------------------------------------------+
.text:20005000 ; |   This file has been	generated by The Interactive Disassembler (IDA)	   |
.text:20005000 ; |	  Copyright (c)	2009 by	Hex-Rays, <support@hex-rays.com>	   |
.text:20005000 ; |			License	info: 24-88DB-8059-64			   |
.text:20005000 ; |				Licensed User				   |
.text:20005000 ; +-------------------------------------------------------------------------+
.text:20005000 ;
.text:20005000 ; Input MD5   : E76F1C039CC5460A439FF15CF6DBBC7E
.text:20005000
.text:20005000 ; File Name   : C:\Data\Devel\2018\la104_dyn\mains.elf
.text:20005000 ; Format	     : ELF (Executable)
.text:20005000 ; Imagebase   : 20000000
.text:20005000 ; Interpreter 'gloader.1'
.text:20005000 ; Needed	Library	'libbios.so'
.text:20005000 ;
.text:20005000 ; Options     : EF_ARM_SOFT_FLOAT
.text:20005000 ; EABI version: 5
.text:20005000 ;
.text:20005000
.text:20005000 ; Processor	 : ARM
.text:20005000 ; Target	assembler: Generic assembler for ARM
.text:20005000 ; Byte sex	 : Little endian
.text:20005000
.text:20005000 ; ===========================================================================
.text:20005000
.text:20005000 ; Segment type: Pure code
.text:20005000		       AREA .text, CODE, READWRITE, ALIGN=1
.text:20005000		       ; ORG 0x20005000
.text:20005000		       CODE32
.text:20005000		       DCD 0xF000B508, 0xF000F86D, 0xF000F863, 0xF000F879, 0x2001F86F
.text:20005014		       DCB 8, 0xBD
.text:20005014 ; .text	       ends
.text:20005014
.plt:200050C0 ;	===========================================================================
.plt:200050C0
.plt:200050C0 ;	Segment	type: Pure code
.plt:200050C0		      AREA .plt, CODE, READWRITE
.plt:200050C0		      ;	ORG 0x200050C0
.plt:200050C0		      CODE32
.plt:200050C0		      DCD 0xF8DFB500, 0x44FEE008, 0xFF08F85E, 0xEC, 0xCE8F240
.plt:200050C0		      DCD 0xC00F2C0, 0xF8DC44FC, 0xBF00F000, 0xCDCF240,	0xC00F2C0
.plt:200050C0		      DCD 0xF8DC44FC, 0xBF00F000, 0xCD0F240, 0xC00F2C0,	0xF8DC44FC
.plt:200050C0		      DCD 0xBF00F000, 0xCC4F240, 0xC00F2C0, 0xF8DC44FC,	0xBF00F000
.plt:200050C0 ;	.plt	      ends
.plt:200050C0
.got:200051B8 ;	===========================================================================
.got:200051B8
.got:200051B8 ;	Segment	type: Pure data
.got:200051B8		      AREA .got, DATA
.got:200051B8		      ;	ORG 0x200051B8
.got:200051B8 _GLOBAL_OFFSET_TABLE_ DCD	0x20005018
.got:200051BC		      DCD 0
.got:200051C0		      DCD 0
.got:200051C4 Test2_ptr	      DCD Test2
.got:200051C8 Test1_ptr	      DCD Test1
.got:200051CC Test4_ptr	      DCD Test4
.got:200051D0 Test3_ptr	      DCD Test3
.got:200051D0 ;	.got	      ends
.got:200051D0
extern:200051D4	; ===========================================================================
extern:200051D4
extern:200051D4	; Segment type:	Externs
extern:200051D4			IMPORT Test2		; DATA XREF: .got:Test2_ptro
extern:200051D8			IMPORT Test1		; DATA XREF: .got:Test1_ptro
extern:200051DC			IMPORT Test4		; DATA XREF: .got:Test4_ptro
extern:200051E0			IMPORT Test3		; DATA XREF: .got:Test3_ptro
extern:200051E0
extern:200051E0			END
