LA104 UartMon log file, 2021 valky.eu
19200 bauds 8-E-1
================

0x01, 0x03, 0x12, 0x00, 0x00, 0x16, 0x43, 0x00, 0x00, 0x00, 0x00, 0x00, 0x00, 0x00, 0x00, 0x00, 0x00, 0x01, 0x2d, 0x01, 0xc1, 0x2e, 0x28, // 372 ms
0x01, 0x03, 0x02, 0x00, 0x02, 0x39, 0x85, // 498 ms
0x01, 0x03, 0x02, 0x00, 0x00, 0xb8, 0x44, // 439 ms
0x01, 0x03, 0x12, 0x00, 0x00, 0x16, 0x45, 0x00, 0x00, 0x00, 0x00, 0x00, 0x00, 0x00, 0x00, 0x00, 0x00, 0x01, 0x2d, 0x01, 0xc0, 0x69, 0xea, // 373 ms
0x01, 0x03, 0x02, 0x00, 0x02, 0x39, 0x85, // 497 ms
0x01, 0x03, 0x02, 0x00, 0x00, 0xb8, 0x44, // 438 ms
0x01, 0x03, 0x12, 0x00, 0x00, 0x16, 0x46, 0x00, 0x00, 0x00, 0x00, 0x00, 0x00, 0x00, 0x00, 0x00, 0x00, 0x01, 0x2d, 0x01, 0xbe, 0xaa, 0xcb, // 432 ms
0x01, 0x03, 0x02, 0x00, 0x02, 0x39, 0x85, // 439 ms
0x01, 0x03, 0x02, 0x00, 0x00, 0xb8, 0x44, // 497 ms
0x01, 0x03, 0x12, 0x00, 0x00, 0x16, 0x47, 0x00, 0x00, 0x00, 0x00, 0x00, 0x00, 0x00, 0x00, 0x00, 0x00, 0x01, 0x2d, 0x01, 0xbd, 0x2b, 0xca, // 375 ms
0x01, 0x03, 0x02, 0x00, 0x02, 0x39, 0x85, // 438 ms
0x01, 0x03, 0x02, 0x00, 0x00, 0xb8, 0x44, // 497 ms
0x01, 0x03, 0x12, 0x00, 0x00, 0x16, 0x43, 0x00, 0x00, 0x00, 0x00, 0x00, 0x00, 0x00, 0x00, 0x00, 0x00, 0x01, 0x2d, 0x01, 0xbc, 0xee, 0x09, // 374 ms
0x01, 0x03, 0x02, 0x00, 0x02, 0x39, 0x85, // 497 ms
0x01, 0x03, 0x02, 0x00, 0x00, 0xb8, 0x44, // 439 ms
0x01, 0x03, 0x12, 0x00, 0x00, 0x16, 0x46, 0x00, 0x00, 0x00, 0x00, 0x00, 0x00, 0x00, 0x00, 0x00, 0x00, 0x01, 0x2d, 0x01, 0xba, 0xab, 0x08, // 373 ms
0x01, 0x03, 0x02, 0x00, 0x02, 0x39, 0x85, // 497 ms
0x01, 0x03, 0x02, 0x00, 0x00, 0xb8, 0x44, // 438 ms
0x01, 0x03, 0x12, 0x00, 0x00, 0x16, 0x44, 0x00, 0x00, 0x00, 0x00, 0x00, 0x00, 0x00, 0x00, 0x00, 0x00, 0x01, 0x2d, 0x01, 0xb9, 0x69, 0x08, // 492 ms
0x01, 0x03, 0x02, 0x00, 0x02, 0x39, 0x85, // 440 ms
0x01, 0x03, 0x02, 0x00, 0x00, 0xb8, 0x44, // 557 ms
0x01, 0x03, 0x12, 0x00, 0x00, 0x16, 0x48, 0x00, 0x00, 0x00, 0x00, 0x00, 0x00, 0x00, 0x00, 0x00, 0x00, 0x01, 0x2d, 0x01, 0xb8, 0xa4, 0xcd, // 376 ms
0x01, 0x03, 0x02, 0x00, 0x02, 0x39, 0x85, // 438 ms
0x01, 0x03, 0x02, 0x00, 0x00, 0xb8, 0x44, // 497 ms
0x01, 0x03, 0x12, 0x00, 0x00, 0x16, 0x43, 0x00, 0x00, 0x00, 0x00, 0x00, 0x00, 0x00, 0x00, 0x00, 0x00, 0x01, 0x2d, 0x01, 0xb6, 0x6e, 0x0e, // 374 ms
0x01, 0x03, 0x02, 0x00, 0x02, 0x39, 0x85, // 438 ms
0x01, 0x03, 0x02, 0x00, 0x00, 0xb8, 0x44, // 497 ms
0x01, 0x03, 0x12, 0x00, 0x00, 0x16, 0x47, 0x00, 0x00, 0x00, 0x00, 0x00, 0x00, 0x00, 0x00, 0x00, 0x00, 0x01, 0x50, 0x01, 0xb5, 0xba, 0x14, // 374 ms
0x01, 0x03, 0x02, 0x00, 0x02, 0x39, 0x85, // 558 ms
0x01, 0x03, 0x02, 0x00, 0x00, 0xb8, 0x44, // 438 ms
0x01, 0x03, 0x12, 0x12, 0x30, 0x15, 0xf0, 0x00, 0x95, 0x00, 0x0f, 0x06, 0x74, 0x00, 0x52, 0x00, 0x45, 0x02, 0x25, 0x01, 0xb5, 0x59, 0x28, // 373 ms
0x03, 0x02, 0x00, 0x02, 0x39, 0x85, // 440 ms
0x01, 0x03, 0x02, 0x00, 0x00, 0xb8, 0x44, // 437 ms
0x01, 0x03, 0x52, 0x13, 0x6e, 0x15, 0x70, 0x01, 0x8f, 0x00, 0x24, 0x0b, 0xce, 0x01, 0xe3, 0x01, 0xba, 0x02, 0x26, 0x02, 0x04, 0xe7, 0x62, // 373 ms
0x01, 0x03, 0x02, 0x00, 0x02, 0x39, 0x85, // 440 ms
0x01, 0x03, 0x02, 0x00, 0x00, 0xb8, 0x44, // 439 ms
0x01, 0x03, 0x12, 0x11, 0xc2, 0x15, 0x8b, 0x01, 0x65, 0x00, 0x21, 0x0a, 0xf0, 0x02, 0x24, 0x01, 0xf9, 0x02, 0x26, 0x02, 0x3e, 0x4d, 0xbe, // 374 ms
0x01, 0x03, 0x02, 0x00, 0x02, 0x39, 0x85, // 439 ms
0x01, 0x03, 0x02, 0x00, 0x00, 0xb8, 0x44, // 437 ms
0x01, 0x03, 0x12, 0x00, 0x00, 0x16, 0x25, 0x00, 0x5c, 0x00, 0x0b, 0x04, 0xad, 0x00, 0x6b, 0x00, 0x59, 0x02, 0x26, 0x02, 0x41, 0x6b, 0xe5, // 373 ms
0x01, 0x03, 0x02, 0x00, 0x02, 0x39, 0x85, // 438 ms
0x01, 0x03, 0x02, 0x00, 0x00, 0xb8, 0x44, // 439 ms
0x01, 0x03, 0x12, 0x00, 0x00, 0x16, 0x49, 0x00, 0x00, 0x00, 0x00, 0x00, 0x00, 0x00, 0x00, 0x00, 0x00, 0x02, 0x26, 0x02, 0x3c, 0x14, 0xd8, // 432 ms
0x01, 0x03, 0x02, 0x00, 0x02, 0x39, 0x85, // 440 ms
0x01, 0x03, 0x02, 0x00, 0x00, 0xb8, 0x44, // 557 ms
0x01, 0x03, 0x12, 0x00, 0x00, 0x16, 0x47, 0x00, 0x00, 0x00, 0x00, 0x00, 0x00, 0x00, 0x00, 0x00, 0x00, 0x02, 0x26, 0x02, 0x36, 0x1a, 0xdb, // 376 ms
0x01, 0x03, 0x02, 0x00, 0x02, 0x39, 0x85, // 439 ms
0x01, 0x03, 0x02, 0x00, 0x00, 0xb8, 0x44, // 379 ms
0xc0, 0x40, 0x42, 0x00, 0x16, 0x4a, 0x00, 0x00, 0x00, 0x00, 0x00, 0x00, 0x00, 0x00, 0x00, 0x00, 0x02, 0x26, 0x02, 0x32, 0xd6, 0x1d, // 374 ms
0x01, 0x03, 0x02, 0x00, 0x02, 0x39, 0x85, // 439 ms
0x01, 0x03, 0x02, 0x00, 0x00, 0xb8, 0x44, // 498 ms
0x01, 0x03, 0x12, 0x00, 0x00, 0x16, 0x4e, 0x00, 0x00, 0x00, 0x00, 0x00, 0x00, 0x00, 0x00, 0x00, 0x00, 0x02, 0x26, 0x02, 0x2d, 0x93, 0xd6, // 375 ms
0x01, 0x03, 0x02, 0x00, 0x02, 0x39, 0x85, // 438 ms
0x01, 0x03, 0x02, 0x00, 0x00, 0xb8, 0x44, // 498 ms
0x01, 0x03, 0x12, 0x00, 0x00, 0x16, 0x4f, 0x00, 0x00, 0x00, 0x00, 0x00, 0x00, 0x00, 0x00, 0x00, 0x00, 0x02, 0x26, 0x02, 0x29, 0x53, 0x15, // 374 ms
0x01, 0x03, 0x02, 0x00, 0x02, 0x39, 0x85, // 497 ms
0x01, 0x03, 0x02, 0x00, 0x00, 0xb8, 0x44, // 440 ms
0x01, 0x03, 0x12, 0x00, 0x00, 0x16, 0x4a, 0x00, 0x00, 0x00, 0x00, 0x00, 0x00, 0x00, 0x00, 0x00, 0x00, 0x02, 0x26, 0x02, 0x25, 0x96, 0x13, // 373 ms
0x01, 0x03, 0x02, 0x00, 0x02, 0x39, 0x85, // 497 ms
0x01, 0x03, 0x02, 0x00, 0x00, 0xb8, 0x44, // 438 ms
0x01, 0x03, 0x12, 0x00, 0x00, 0x16, 0x49, 0x00, 0x00, 0x00, 0x00, 0x00, 0x00, 0x00, 0x00, 0x00, 0x00, 0x02, 0x26, 0x02, 0x21, 0xd4, 0xd1, // 432 ms
0x01, 0x03, 0x02, 0x00, 0x02, 0x39, 0x85, // 439 ms
0x01, 0x03, 0x02, 0x00, 0x00, 0xb8, 0x44, // 557 ms
0x01, 0x03, 0x12, 0x00, 0x00, 0x16, 0x4c, 0x00, 0x00, 0x00, 0x00, 0x00, 0x00, 0x00, 0x00, 0x00, 0x00, 0x02, 0x26, 0x02, 0x1e, 0x51, 0xc2, // 376 ms
0x01, 0x03, 0x02, 0x00, 0x02, 0x39, 0x85, // 438 ms
0x01, 0x03, 0x02, 0x00, 0x00, 0xb8, 0x44, // 497 ms
0x01, 0x03, 0x12, 0x00, 0x00, 0x16, 0x4a, 0x00, 0x00, 0x00, 0x00, 0x00, 0x00, 0x00, 0x00, 0x00, 0x00, 0x02, 0x26, 0x02, 0x1a, 0xd6, 0x03, // 374 ms
0x01, 0x03, 0x02, 0x00, 0x02, 0x39, 0x85, // 557 ms
0x01, 0x03, 0x02, 0x00, 0x00, 0xb8, 0x44, 0x01, 0x03, 0x12, 0x00, 0x00, 0x16, 0x4c, 0x00, 0x00, 0x00, 0x00, 0x00, 0x00, 0x00, 0x00, 0x00, 0x00, 0x02, 0x26, 0x02, 0x17, 0x91, 0xc4, // 373 ms
0x01, 0x03, 0x02, 0x00, 0x02, 0x39, 0x85, // 497 ms
0x01, 0x03, 0x02, 0x00, 0x00, 0xb8, 0x44, // 439 ms
0x01, 0x03, 0x12, 0x00, 0x00, 0x16, 0x49, 0x00, 0x00, 0x00, 0x00, 0x00, 0x00, 0x00, 0x00, 0x00, 0x00, 0x02, 0x26, 0x02, 0x14, 0x14, 0xc6, // 492 ms
0x01, 0x03, 0x02, 0x00, 0x02, 0x39, 0x85, // 440 ms
0x01, 0x03, 0x02, 0x00, 0x00, 0xb8, 0x44, // 438 ms
0x01, 0x03, 0x12, 0x00, 0x00, 0x16, 0x3f, 0x00, 0x00, 0x00, 0x00, 0x00, 0x00, 0x00, 0x00, 0x00, 0x00, 0x02, 0x26, 0x02, 0x11, 0x22, 0xe3, // 432 ms
0x01, 0x03, 0x02, 0x00, 0x02, 0x39, 0x85, // 3001 ms
0xef, 0xef, 0xff, 0xff, 0x37, 0xc6, 0xee, 0xe7, 0xff, 0xff, 0xff, 0xce, 0xf7, 0xce, 0xff, 0xef, 0xef, 0xef, 0xef, 0xef, 0xff, 0xff, 0xce, 0xef, 0xff, 0xfe, 0xef, 0xef, 0xef, 0xff, // 1756 ms
0x01, 0x03, 0x02, 0x00, 0x00, 0xb8, 0x44, // 439 ms
0x01, 0x03, 0x12, 0x0f, 0xd3, 0x15, 0xb5, 0x01, 0x20, 0x00, 0x17, 0x09, 0x8f, 0x00, 0x97, 0x00, 0x9e, 0x02, 0x26, 0x02, 0x0e, 0x39, 0xba, // 374 ms
0x01, 0x03, 0x02, 0x00, 0x02, 0x39, 0x85, // 440 ms
0x01, 0x03, 0x02, 0x00, 0x00, 0xb8, 0x44, // 439 ms
0x01, 0x03, 0x12, 0x10, 0x02, 0x15, 0xaf, 0x01, 0x29, 0x00, 0x18, 0x09, 0xb9, 0x00, 0xe0, 0x00, 0xe6, 0x02, 0x26, 0x02, 0x25, 0x2d, 0x64, // 374 ms
0x01, 0x03, 0x02, 0x00, 0x02, 0x39, 0x85, // 438 ms
0x01, 0x03, 0x02, 0x00, 0x00, 0xb8, 0x44, // 502 ms
0x01, 0x03, 0x12, 0x0f, 0x6b, 0x15, 0xbe, 0x01, 0x17, 0x00, 0x15, 0x09, 0x5a, 0x00, 0xa4, 0x00, 0x97, 0x02, 0x26, 0x02, 0x2e, 0xbd, 0xd8, // 372 ms
0x01, 0x03, 0x02, 0x00, 0x02, 0x39, 0x85, // 941 ms
0x01, 0x03, 0x12, 0x0f, 0x04, 0x15, 0xc6, 0x01, 0x0a, 0x00, 0x15, 0x09, 0x15, 0x00, 0x8e, 0x00, 0x7e, 0x02, 0x26, 0x02, 0x2c, 0xd2, 0x2d, // 374 ms
0x01, 0x03, 0x02, 0x00, 0x02, 0x39, 0x85, // 500 ms
0x01, 0x03, 0x02, 0x00, 0x00, 0xb8, 0x44, // 438 ms
0x01, 0x03, 0x12, 0x0e, 0xe2, 0x15, 0xc6, 0x01, 0x06, 0x00, 0x14, 0x08, 0xfe, 0x00, 0x8e, 0x00, 0x77, 0x02, 0x26, 0x02, 0x28, 0x0a, 0x45, // 375 ms
0x01, 0x03, 0x02, 0x00, 0x02, 0x39, 0x85, // 438 ms
0x01, 0x03, 0x02, 0x00, 0x00, 0xb8, 0x44, // 499 ms
0x01, 0x03, 0x12, 0x00, 0x00, 0x15, 0xc9, 0x00, 0xef, 0x00, 0x13, 0x08, 0x80, 0x00, 0x81, 0x00, 0x6c, 0x02, 0x26, 0x02, 0x25, 0xc5, 0x44, // 375 ms
0x01, 0x03, 0x02, 0x00, 0x02, 0x39, 0x85, // 386 ms
0x01, 0x03, 0x02, 0x00, 0x00, 0xb8, 0x44, // 438 ms
0x01, 0x03, 0x12, 0x0f, 0x42, 0x15, 0xcf, 0x01, 0x10, 0x00, 0x15, 0x09, 0x37, 0x00, 0x8a, 0x00, 0x7a, 0x02, 0x26, 0x02, 0x21, 0x1a, 0xa0, // 374 ms
0x01, 0x03, 0x02, 0x00, 0x02, 0x39, 0x85, // 439 ms
0x01, 0x03, 0x02, 0x00, 0x00, 0xb8, 0x44, // 439 ms
0x01, 0x03, 0x12, 0x0f, 0x9d, 0x15, 0xd1, 0x01, 0x1a, 0x00, 0x16, 0x09, 0x6f, 0x00, 0x8e, 0x00, 0x89, 0x02, 0x26, 0x02, 0x21, 0x21, 0xfa, // 433 ms
0x01, 0x03, 0x02, 0x00, 0x02, 0x39, 0x85, // 437 ms
0x01, 0x03, 0x02, 0x00, 0x00, 0xb8, 0x44, // 438 ms
0x01, 0x03, 0x12, 0x0f, 0x9d, 0x15, 0xd1, 0x01, 0x1d, 0x00, 0x16, 0x09, 0x79, 0x00, 0x92, 0x00, 0x8d, 0x02, 0x26, 0x02, 0x27, 0x60, 0xde, // 373 ms
0x01, 0x03, 0x02, 0x00, 0x02, 0x39, 0x85, // 438 ms
0x01, 0x03, 0x02, 0x00, 0x00, 0xb8, 0x44, // 437 ms
0x01, 0x03, 0x12, 0x0f, 0x7a, 0x15, 0xd6, 0x01, 0x17, 0x00, 0x15, 0x09, 0x5d, 0x00, 0x8e, 0x00, 0x87, 0x02, 0x26, 0x02, 0x28, 0x65, 0x90, // 434 ms
0x01, 0x03, 0x02, 0x00, 0x02, 0x39, 0x85, // 499 ms
0x01, 0x03, 0x02, 0x00, 0x00, 0xb8, 0x44, // 499 ms
0x01, 0x03, 0x12, 0x0f, 0x85, 0x15, 0xd3, 0x01, 0x18, 0x00, 0x15, 0x09, 0x61, 0x00, 0x8e, 0x00, 0x81, 0x02, 0x26, 0x02, 0x26, 0xcd, 0x99, // 376 ms
0x6c, 0x02, 0x00, 0x02, 0x39, 0x85, // 557 ms
0x01, 0x03, 0x02, 0x00, 0x00, 0xb8, 0x44, // 500 ms
0x01, 0x03, 0x12, 0x0f, 0x92, 0x15, 0xd5, 0x01, 0x1a, 0x00, 0x16, 0x09, 0x69, 0x00, 0x8e, 0x00, 0x85, 0x02, 0x26, 0x02, 0x25, 0x2a, 0x68, // 315 ms
0x01, 0x03, 0x02, 0x00, 0x02, 0x39, 0x85, // 496 ms
0x01, 0x03, 0x02, 0x00, 0x00, 0xb8, 0x44, // 439 ms
0x01, 0x03, 0x12, 0x0f, 0x9c, 0x15, 0xd2, 0x01, 0x1b, 0x00, 0x16, 0x09, 0x71, 0x00, 0x8e, 0x00, 0x8a, 0x02, 0x26, 0x02, 0x26, 0xb5, 0x88, // 374 ms
0x01, 0x03, 0x02, 0x00, 0x02, 0x39, 0x85, // 440 ms
0x01, 0x03, 0x02, 0x00, 0x00, 0xb8, 0x44, // 438 ms
0x01, 0x03, 0x12, 0x0f, 0x80, 0x15, 0xd3, 0x01, 0x18, 0x00, 0x15, 0x09, 0x60, 0x00, 0x8e, 0x00, 0x88, 0x02, 0x26, 0x02, 0x27, 0xce, 0x99, // 1877 ms
0x01, 0x03, 0x02, 0x00, 0x02, 0x39, 0x85, // 438 ms
0x01, 0x03, 0x02, 0x00, 0x00, 0xb8, 0x44, // 438 ms
0x01, 0x03, 0x12, 0x0f, 0x93, 0x15, 0xd4, 0x01, 0x1a, 0x00, 0x16, 0x09, 0x6c, 0x00, 0x8e, 0x00, 0x88, 0x02, 0x26, 0x02, 0x26, 0xe8, 0x68, // 1877 ms
0x01, 0x03, 0x02, 0x00, 0x02, 0x39, 0x85, // 439 ms
0x01, 0x03, 0x02, 0x00, 0x00, 0xb8, 0x44, // 439 ms
0x01, 0x03, 0x12, 0x0f, 0x81, 0x15, 0xcc, 0x01, 0x18, 0x00, 0x15, 0x09, 0x61, 0x00, 0x8a, 0x00, 0x87, 0x02, 0x26, 0x02, 0x26, 0x1d, 0x90, // 375 ms
0x01, 0x03, 0x02, 0x00, 0x02, 0x39, 0x85, // 437 ms
0x01, 0x03, 0x02, 0x00, 0x00, 0xb8, 0x44, // 438 ms
0x01, 0x03, 0x12, 0x0f, 0x90, 0x15, 0xcd, 0x01, 0x1a, 0x00, 0x16, 0x09, 0x6a, 0x00, 0x8e, 0x00, 0x88, 0x02, 0x26, 0x02, 0x26, 0xea, 0x32, // 374 ms
0x01, 0x03, 0x02, 0x00, 0x02, 0x39, 0x85, // 438 ms
0x01, 0x03, 0x02, 0x00, 0x00, 0xb8, 0x44, // 437 ms
0x01, 0x03, 0x12, 0x00, 0x00, 0x15, 0xd6, 0x00, 0xfb, 0x00, 0x14, 0x08, 0xc3, 0x00, 0x81, 0x00, 0x74, 0x02, 0x26, 0x02, 0x25, 0xb5, 0x1d, // 374 ms
0x01, 0x03, 0x02, 0x00, 0x02, 0x39, 0x85, // 499 ms
0x01, 0x0b, 0x02, 0x00, 0x00, 0xb8, 0x44, // 438 ms
0xc0, 0x40, 0x42, 0x90, 0x57, 0xcc, 0x01, 0x1c, 0x00, 0x16, 0x09, 0x73, 0x00, 0x92, 0x00, 0x8b, 0x02, 0x26, 0x02, 0x26, 0xa9, 0xca, // 375 ms
0x01, 0x03, 0x02, 0x00, 0x02, 0x39, 0x85, 